> Task :compileJava
> Task :processResources NO-SOURCE
> Task :classes

> Task :Dinner.main()
Philosopher 3: HUNGRY
Philosopher 3: EATING
Philosopher 0: HUNGRY
Philosopher 0: EATING
Philosopher 4: HUNGRY
Philosopher 2: HUNGRY
Philosopher 1: HUNGRY
Philosopher 0: THINKING
Philosopher 3: THINKING
Philosopher 4: EATING
Philosopher 2: EATING
Philosopher 0: HUNGRY
Philosopher 3: HUNGRY
Philosopher 2: THINKING
Philosopher 1: EATING
Philosopher 4: THINKING
Philosopher 3: EATING
Philosopher 1: THINKING
Philosopher 0: EATING
Philosopher 4: HUNGRY
Philosopher 3: THINKING
Philosopher 2: HUNGRY
Philosopher 2: EATING
Philosopher 3: HUNGRY
Philosopher 0: THINKING
Philosopher 4: EATING
Philosopher 1: HUNGRY
Philosopher 2: THINKING
Philosopher 1: EATING
Philosopher 4: THINKING
Philosopher 3: EATING
Philosopher 0: HUNGRY
Philosopher 1: THINKING
Philosopher 0: EATING
Philosopher 2: HUNGRY
Philosopher 4: HUNGRY
Philosopher 3: THINKING
Philosopher 2: EATING
Philosopher 1: HUNGRY
Philosopher 0: THINKING
Philosopher 4: EATING
Philosopher 2: THINKING
Philosopher 1: EATING
Philosopher 3: HUNGRY

> Task :Dinner.main() FAILED

FAILURE: Build failed with an exception.

* What went wrong:
Execution failed for task ':Dinner.main()'.
> Build cancelled while executing task ':Dinner.main()'

* Try:
Run with --stacktrace option to get the stack trace. Run with --info or --debug option to get more log output. Run with --scan to get full insights.

* Get more help at https://help.gradle.org

Deprecated Gradle features were used in this build, making it incompatible with Gradle 8.0.

You can use '--warning-mode all' to show the individual deprecation warnings and determine if they come from your own scripts or plugins.

See https://docs.gradle.org/7.1/userguide/command_line_interface.html#sec:command_line_warnings

BUILD FAILED in 12s
2 actionable tasks: 2 executed
